<?xml version="1.0" encoding="utf-8"?><testsuites><testsuite name="pytest" errors="0" failures="0" skipped="0" tests="3" time="0.371" timestamp="2025-01-27T14:23:58.746201" hostname="marco"><testcase classname="examples_rclpy_pointcloud_publisher.topics.pointcloud_publisher.test.test_copyright" name="test_copyright" time="0.166" /><testcase classname="examples_rclpy_pointcloud_publisher.topics.pointcloud_publisher.test.test_flake8" name="test_flake8" time="0.075" /><testcase classname="examples_rclpy_pointcloud_publisher.topics.pointcloud_publisher.test.test_pep257" name="test_pep257" time="0.030" /></testsuite></testsuites>